2014-05-31 15:07:00.061 HelloCordova[28391:70b] Multi-tasking -> Device: YES, App: YES
2014-05-31 15:07:00.085 HelloCordova[28391:70b] Unlimited access to network resources
2014-05-31 15:07:00.227 HelloCordova[28391:70b] [CDVTimer][keyboard] 0.071049ms
2014-05-31 15:07:00.228 HelloCordova[28391:70b] CDVPlugin class CDVStatusBar (pluginName: statusbar) does not exist.
2014-05-31 15:07:00.228 HelloCordova[28391:70b] [CDVTimer][statusbar] 0.369966ms
2014-05-31 15:07:00.228 HelloCordova[28391:70b] [CDVTimer][TotalPluginStartup] 1.336038ms
2014-05-31 15:07:00.367 HelloCordova[28391:70b] Resetting plugins due to page load.
2014-05-31 15:07:00.567 HelloCordova[28391:70b] Finished load of: file:///Users/jhsu/Library/Application%20Support/iPhone%20Simulator/7.1/Applications/85C39B08-8F55-4806-98A8-AF4AD9F444E0/HelloCordova.app/www/index.html#/tab/dash
2014-05-31 17:58:51.693 HelloCordova[5925:70b] Multi-tasking -> Device: YES, App: YES
2014-05-31 17:58:51.727 HelloCordova[5925:70b] Unlimited access to network resources
2014-05-31 17:58:51.967 HelloCordova[5925:70b] [CDVTimer][keyboard] 0.123978ms
2014-05-31 17:58:51.968 HelloCordova[5925:70b] CDVPlugin class CDVStatusBar (pluginName: statusbar) does not exist.
2014-05-31 17:58:51.968 HelloCordova[5925:70b] [CDVTimer][statusbar] 0.468969ms
2014-05-31 17:58:51.968 HelloCordova[5925:70b] [CDVTimer][TotalPluginStartup] 1.709998ms
2014-05-31 17:58:52.173 HelloCordova[5925:70b] Resetting plugins due to page load.
2014-05-31 17:58:52.361 HelloCordova[5925:70b] Finished load of: file:///Users/tylerbrothers/Library/Application%20Support/iPhone%20Simulator/7.1/Applications/BB7E9454-4A2E-4EB7-8ECB-74CD046BBC7A/HelloCordova.app/www/index.html
2014-05-31 18:40:31.831 HelloCordova[6419:70b] Multi-tasking -> Device: YES, App: YES
2014-05-31 18:40:31.846 HelloCordova[6419:70b] Unlimited access to network resources
2014-05-31 18:40:32.243 HelloCordova[6419:70b] [CDVTimer][keyboard] 0.109017ms
2014-05-31 18:40:32.244 HelloCordova[6419:70b] CDVPlugin class CDVStatusBar (pluginName: statusbar) does not exist.
2014-05-31 18:40:32.244 HelloCordova[6419:70b] [CDVTimer][statusbar] 0.586987ms
2014-05-31 18:40:32.245 HelloCordova[6419:70b] [CDVTimer][TotalPluginStartup] 1.914978ms
2014-05-31 18:40:32.488 HelloCordova[6419:70b] Resetting plugins due to page load.
2014-05-31 18:40:32.768 HelloCordova[6419:70b] Finished load of: file:///Users/tylerbrothers/Library/Application%20Support/iPhone%20Simulator/7.1/Applications/BB7E9454-4A2E-4EB7-8ECB-74CD046BBC7A/HelloCordova.app/www/index.html
Terminating in response to SpringBoard's termination.
2014-05-31 18:49:26.179 HelloCordova[6655:70b] Multi-tasking -> Device: YES, App: YES
2014-05-31 18:49:26.191 HelloCordova[6655:70b] Unlimited access to network resources
2014-05-31 18:49:26.215 HelloCordova[6655:70b] [CDVTimer][keyboard] 0.101984ms
2014-05-31 18:49:26.216 HelloCordova[6655:70b] CDVPlugin class CDVStatusBar (pluginName: statusbar) does not exist.
2014-05-31 18:49:26.216 HelloCordova[6655:70b] [CDVTimer][statusbar] 0.600994ms
2014-05-31 18:49:26.217 HelloCordova[6655:70b] [CDVTimer][TotalPluginStartup] 1.872957ms
2014-05-31 18:49:26.362 HelloCordova[6655:70b] Resetting plugins due to page load.
2014-05-31 18:49:26.601 HelloCordova[6655:70b] Finished load of: file:///Users/tylerbrothers/Library/Application%20Support/iPhone%20Simulator/7.1/Applications/BB7E9454-4A2E-4EB7-8ECB-74CD046BBC7A/HelloCordova.app/www/index.html
2014-05-31 23:13:48.937 HelloCordova[3188:70b] Multi-tasking -> Device: YES, App: YES
2014-05-31 23:13:48.969 HelloCordova[3188:70b] Unlimited access to network resources
2014-05-31 23:13:49.177 HelloCordova[3188:70b] [CDVTimer][keyboard] 0.108004ms
2014-05-31 23:13:49.177 HelloCordova[3188:70b] CDVPlugin class CDVStatusBar (pluginName: statusbar) does not exist.
2014-05-31 23:13:49.178 HelloCordova[3188:70b] [CDVTimer][statusbar] 0.511050ms
2014-05-31 23:13:49.178 HelloCordova[3188:70b] [CDVTimer][TotalPluginStartup] 1.810014ms
2014-05-31 23:13:49.379 HelloCordova[3188:70b] Resetting plugins due to page load.
2014-05-31 23:13:49.634 HelloCordova[3188:70b] Finished load of: file:///Users/tylerbrothers/Library/Application%20Support/iPhone%20Simulator/7.1/Applications/BB7E9454-4A2E-4EB7-8ECB-74CD046BBC7A/HelloCordova.app/www/index.html
2014-05-31 23:14:42.424 HelloCordova[3395:70b] Multi-tasking -> Device: YES, App: YES
2014-05-31 23:14:42.437 HelloCordova[3395:70b] Unlimited access to network resources
2014-05-31 23:14:42.463 HelloCordova[3395:70b] [CDVTimer][keyboard] 0.108004ms
2014-05-31 23:14:42.464 HelloCordova[3395:70b] CDVPlugin class CDVStatusBar (pluginName: statusbar) does not exist.
2014-05-31 23:14:42.464 HelloCordova[3395:70b] [CDVTimer][statusbar] 0.723004ms
2014-05-31 23:14:42.465 HelloCordova[3395:70b] [CDVTimer][TotalPluginStartup] 2.238989ms
2014-05-31 23:14:42.608 HelloCordova[3395:70b] Resetting plugins due to page load.
2014-05-31 23:14:42.800 HelloCordova[3395:70b] Finished load of: file:///Users/tylerbrothers/Library/Application%20Support/iPhone%20Simulator/7.1/Applications/BB7E9454-4A2E-4EB7-8ECB-74CD046BBC7A/HelloCordova.app/www/index.html
2014-05-31 23:16:06.253 HelloCordova[3609:70b] Multi-tasking -> Device: YES, App: YES
2014-05-31 23:16:06.264 HelloCordova[3609:70b] Unlimited access to network resources
2014-05-31 23:16:06.289 HelloCordova[3609:70b] [CDVTimer][keyboard] 0.097036ms
2014-05-31 23:16:06.290 HelloCordova[3609:70b] CDVPlugin class CDVStatusBar (pluginName: statusbar) does not exist.
2014-05-31 23:16:06.291 HelloCordova[3609:70b] [CDVTimer][statusbar] 0.923038ms
2014-05-31 23:16:06.292 HelloCordova[3609:70b] [CDVTimer][TotalPluginStartup] 3.194988ms
2014-05-31 23:16:06.449 HelloCordova[3609:70b] Resetting plugins due to page load.
2014-05-31 23:16:06.679 HelloCordova[3609:70b] Finished load of: file:///Users/tylerbrothers/Library/Application%20Support/iPhone%20Simulator/7.1/Applications/BB7E9454-4A2E-4EB7-8ECB-74CD046BBC7A/HelloCordova.app/www/index.html
Terminating in response to SpringBoard's termination.
2014-05-31 23:16:31.002 HelloCordova[3813:70b] Multi-tasking -> Device: YES, App: YES
2014-05-31 23:16:31.015 HelloCordova[3813:70b] Unlimited access to network resources
2014-05-31 23:16:31.040 HelloCordova[3813:70b] [CDVTimer][keyboard] 0.101984ms
2014-05-31 23:16:31.041 HelloCordova[3813:70b] CDVPlugin class CDVStatusBar (pluginName: statusbar) does not exist.
2014-05-31 23:16:31.041 HelloCordova[3813:70b] [CDVTimer][statusbar] 0.580966ms
2014-05-31 23:16:31.042 HelloCordova[3813:70b] [CDVTimer][TotalPluginStartup] 1.914978ms
2014-05-31 23:16:31.186 HelloCordova[3813:70b] Resetting plugins due to page load.
2014-05-31 23:16:31.437 HelloCordova[3813:70b] Finished load of: file:///Users/tylerbrothers/Library/Application%20Support/iPhone%20Simulator/7.1/Applications/BB7E9454-4A2E-4EB7-8ECB-74CD046BBC7A/HelloCordova.app/www/index.html
2014-05-31 23:16:50.023 HelloCordova[4016:70b] Multi-tasking -> Device: YES, App: YES
2014-05-31 23:16:50.034 HelloCordova[4016:70b] Unlimited access to network resources
2014-05-31 23:16:50.075 HelloCordova[4016:70b] [CDVTimer][keyboard] 0.099957ms
2014-05-31 23:16:50.076 HelloCordova[4016:70b] CDVPlugin class CDVStatusBar (pluginName: statusbar) does not exist.
2014-05-31 23:16:50.076 HelloCordova[4016:70b] [CDVTimer][statusbar] 0.530005ms
2014-05-31 23:16:50.077 HelloCordova[4016:70b] [CDVTimer][TotalPluginStartup] 1.846969ms
2014-05-31 23:16:50.227 HelloCordova[4016:70b] Resetting plugins due to page load.
2014-05-31 23:16:50.422 HelloCordova[4016:70b] Finished load of: file:///Users/tylerbrothers/Library/Application%20Support/iPhone%20Simulator/7.1/Applications/BB7E9454-4A2E-4EB7-8ECB-74CD046BBC7A/HelloCordova.app/www/index.html
2014-05-31 23:45:00.529 HelloCordova[4260:70b] Multi-tasking -> Device: YES, App: YES
2014-05-31 23:45:00.540 HelloCordova[4260:70b] Unlimited access to network resources
2014-05-31 23:45:00.566 HelloCordova[4260:70b] [CDVTimer][keyboard] 0.100970ms
2014-05-31 23:45:00.566 HelloCordova[4260:70b] CDVPlugin class CDVStatusBar (pluginName: statusbar) does not exist.
2014-05-31 23:45:00.567 HelloCordova[4260:70b] [CDVTimer][statusbar] 0.549018ms
2014-05-31 23:45:00.567 HelloCordova[4260:70b] [CDVTimer][TotalPluginStartup] 1.810014ms
2014-05-31 23:45:00.706 HelloCordova[4260:70b] Resetting plugins due to page load.
2014-05-31 23:45:00.899 HelloCordova[4260:70b] Finished load of: file:///Users/tylerbrothers/Library/Application%20Support/iPhone%20Simulator/7.1/Applications/BB7E9454-4A2E-4EB7-8ECB-74CD046BBC7A/HelloCordova.app/www/index.html
2014-05-31 23:46:10.082 HelloCordova[4466:70b] Multi-tasking -> Device: YES, App: YES
2014-05-31 23:46:10.094 HelloCordova[4466:70b] Unlimited access to network resources
2014-05-31 23:46:10.118 HelloCordova[4466:70b] [CDVTimer][keyboard] 0.107050ms
2014-05-31 23:46:10.119 HelloCordova[4466:70b] CDVPlugin class CDVStatusBar (pluginName: statusbar) does not exist.
2014-05-31 23:46:10.120 HelloCordova[4466:70b] [CDVTimer][statusbar] 0.653982ms
2014-05-31 23:46:10.120 HelloCordova[4466:70b] [CDVTimer][TotalPluginStartup] 1.989961ms
2014-05-31 23:46:10.283 HelloCordova[4466:70b] Resetting plugins due to page load.
2014-05-31 23:46:10.480 HelloCordova[4466:70b] Finished load of: file:///Users/tylerbrothers/Library/Application%20Support/iPhone%20Simulator/7.1/Applications/BB7E9454-4A2E-4EB7-8ECB-74CD046BBC7A/HelloCordova.app/www/index.html
2014-05-31 23:46:47.588 HelloCordova[4668:70b] Multi-tasking -> Device: YES, App: YES
2014-05-31 23:46:47.600 HelloCordova[4668:70b] Unlimited access to network resources
2014-05-31 23:46:47.647 HelloCordova[4668:70b] [CDVTimer][keyboard] 0.117004ms
2014-05-31 23:46:47.657 HelloCordova[4668:70b] CDVPlugin class CDVStatusBar (pluginName: statusbar) does not exist.
2014-05-31 23:46:47.658 HelloCordova[4668:70b] [CDVTimer][statusbar] 1.335979ms
2014-05-31 23:46:47.659 HelloCordova[4668:70b] [CDVTimer][TotalPluginStartup] 12.582004ms
2014-05-31 23:46:47.814 HelloCordova[4668:70b] Resetting plugins due to page load.
2014-05-31 23:46:48.110 HelloCordova[4668:70b] Finished load of: file:///Users/tylerbrothers/Library/Application%20Support/iPhone%20Simulator/7.1/Applications/BB7E9454-4A2E-4EB7-8ECB-74CD046BBC7A/HelloCordova.app/www/index.html
2014-05-31 23:47:33.218 HelloCordova[4875:70b] Multi-tasking -> Device: YES, App: YES
2014-05-31 23:47:33.230 HelloCordova[4875:70b] Unlimited access to network resources
2014-05-31 23:47:33.257 HelloCordova[4875:70b] [CDVTimer][keyboard] 0.126004ms
2014-05-31 23:47:33.258 HelloCordova[4875:70b] CDVPlugin class CDVStatusBar (pluginName: statusbar) does not exist.
2014-05-31 23:47:33.259 HelloCordova[4875:70b] [CDVTimer][statusbar] 0.575006ms
2014-05-31 23:47:33.259 HelloCordova[4875:70b] [CDVTimer][TotalPluginStartup] 2.017021ms
2014-05-31 23:47:33.407 HelloCordova[4875:70b] Resetting plugins due to page load.
2014-05-31 23:47:33.662 HelloCordova[4875:70b] Finished load of: file:///Users/tylerbrothers/Library/Application%20Support/iPhone%20Simulator/7.1/Applications/BB7E9454-4A2E-4EB7-8ECB-74CD046BBC7A/HelloCordova.app/www/index.html
2014-05-31 23:49:34.680 HelloCordova[5047:70b] Multi-tasking -> Device: YES, App: YES
2014-05-31 23:49:34.687 HelloCordova[5047:70b] Unlimited access to network resources
2014-05-31 23:49:34.705 HelloCordova[5047:70b] [CDVTimer][keyboard] 0.070989ms
2014-05-31 23:49:34.706 HelloCordova[5047:70b] CDVPlugin class CDVStatusBar (pluginName: statusbar) does not exist.
2014-05-31 23:49:34.706 HelloCordova[5047:70b] [CDVTimer][statusbar] 0.442028ms
2014-05-31 23:49:34.707 HelloCordova[5047:70b] [CDVTimer][TotalPluginStartup] 1.592040ms
2014-05-31 23:49:34.747 HelloCordova[5047:70b] Resetting plugins due to page load.
2014-05-31 23:49:34.872 HelloCordova[5047:70b] Finished load of: file:///Users/tylerbrothers/Library/Application%20Support/iPhone%20Simulator/7.1/Applications/BB7E9454-4A2E-4EB7-8ECB-74CD046BBC7A/HelloCordova.app/www/index.html
2014-05-31 23:51:10.963 HelloCordova[5249:70b] Multi-tasking -> Device: YES, App: YES
2014-05-31 23:51:10.975 HelloCordova[5249:70b] Unlimited access to network resources
2014-05-31 23:51:11.009 HelloCordova[5249:70b] [CDVTimer][keyboard] 0.109017ms
2014-05-31 23:51:11.010 HelloCordova[5249:70b] CDVPlugin class CDVStatusBar (pluginName: statusbar) does not exist.
2014-05-31 23:51:11.011 HelloCordova[5249:70b] [CDVTimer][statusbar] 0.612974ms
2014-05-31 23:51:11.011 HelloCordova[5249:70b] [CDVTimer][TotalPluginStartup] 1.923025ms
2014-05-31 23:51:11.166 HelloCordova[5249:70b] Resetting plugins due to page load.
2014-05-31 23:51:11.397 HelloCordova[5249:70b] Finished load of: file:///Users/tylerbrothers/Library/Application%20Support/iPhone%20Simulator/7.1/Applications/BB7E9454-4A2E-4EB7-8ECB-74CD046BBC7A/HelloCordova.app/www/index.html
2014-05-31 23:53:42.264 HelloCordova[5456:70b] Multi-tasking -> Device: YES, App: YES
2014-05-31 23:53:42.276 HelloCordova[5456:70b] Unlimited access to network resources
2014-05-31 23:53:42.301 HelloCordova[5456:70b] [CDVTimer][keyboard] 0.096023ms
2014-05-31 23:53:42.302 HelloCordova[5456:70b] CDVPlugin class CDVStatusBar (pluginName: statusbar) does not exist.
2014-05-31 23:53:42.302 HelloCordova[5456:70b] [CDVTimer][statusbar] 0.541031ms
2014-05-31 23:53:42.303 HelloCordova[5456:70b] [CDVTimer][TotalPluginStartup] 2.018988ms
2014-05-31 23:53:42.438 HelloCordova[5456:70b] Resetting plugins due to page load.
2014-05-31 23:53:42.638 HelloCordova[5456:70b] Finished load of: file:///Users/tylerbrothers/Library/Application%20Support/iPhone%20Simulator/7.1/Applications/BB7E9454-4A2E-4EB7-8ECB-74CD046BBC7A/HelloCordova.app/www/index.html
2014-06-01 00:17:50.738 HelloCordova[5725:70b] Multi-tasking -> Device: YES, App: YES
2014-06-01 00:17:50.766 HelloCordova[5725:70b] Unlimited access to network resources
2014-06-01 00:17:50.936 HelloCordova[5725:70b] [CDVTimer][keyboard] 0.070989ms
2014-06-01 00:17:50.937 HelloCordova[5725:70b] CDVPlugin class CDVStatusBar (pluginName: statusbar) does not exist.
2014-06-01 00:17:50.937 HelloCordova[5725:70b] [CDVTimer][statusbar] 0.451982ms
2014-06-01 00:17:50.937 HelloCordova[5725:70b] [CDVTimer][TotalPluginStartup] 1.564980ms
2014-06-01 00:17:51.077 HelloCordova[5725:70b] Resetting plugins due to page load.
2014-06-01 00:17:51.293 HelloCordova[5725:70b] Finished load of: file:///Users/tylerbrothers/Library/Application%20Support/iPhone%20Simulator/7.1/Applications/BB7E9454-4A2E-4EB7-8ECB-74CD046BBC7A/HelloCordova.app/www/index.html
2014-06-01 00:20:36.949 HelloCordova[5931:70b] Multi-tasking -> Device: YES, App: YES
2014-06-01 00:20:36.960 HelloCordova[5931:70b] Unlimited access to network resources
2014-06-01 00:20:36.988 HelloCordova[5931:70b] [CDVTimer][keyboard] 0.101984ms
2014-06-01 00:20:36.989 HelloCordova[5931:70b] CDVPlugin class CDVStatusBar (pluginName: statusbar) does not exist.
2014-06-01 00:20:36.990 HelloCordova[5931:70b] [CDVTimer][statusbar] 0.900984ms
2014-06-01 00:20:36.991 HelloCordova[5931:70b] [CDVTimer][TotalPluginStartup] 3.095031ms
2014-06-01 00:20:37.129 HelloCordova[5931:70b] Resetting plugins due to page load.
2014-06-01 00:20:37.326 HelloCordova[5931:70b] Finished load of: file:///Users/tylerbrothers/Library/Application%20Support/iPhone%20Simulator/7.1/Applications/BB7E9454-4A2E-4EB7-8ECB-74CD046BBC7A/HelloCordova.app/www/index.html
2014-06-01 02:17:49.245 HelloCordova[6744:70b] Multi-tasking -> Device: YES, App: YES
2014-06-01 02:17:49.357 HelloCordova[6744:70b] Unlimited access to network resources
2014-06-01 02:17:49.639 HelloCordova[6744:70b] [CDVTimer][keyboard] 0.081956ms
2014-06-01 02:17:49.640 HelloCordova[6744:70b] CDVPlugin class CDVStatusBar (pluginName: statusbar) does not exist.
2014-06-01 02:17:49.641 HelloCordova[6744:70b] [CDVTimer][statusbar] 0.486016ms
2014-06-01 02:17:49.641 HelloCordova[6744:70b] [CDVTimer][TotalPluginStartup] 2.354980ms
2014-06-01 02:17:49.785 HelloCordova[6744:70b] Resetting plugins due to page load.
2014-06-01 02:17:50.051 HelloCordova[6744:70b] Finished load of: file:///Users/tylerbrothers/Library/Application%20Support/iPhone%20Simulator/7.1/Applications/BB7E9454-4A2E-4EB7-8ECB-74CD046BBC7A/HelloCordova.app/www/index.html#/
2014-06-01 03:35:02.397 HelloCordova[42315:70b] Multi-tasking -> Device: YES, App: YES
2014-06-01 03:35:02.423 HelloCordova[42315:70b] Unlimited access to network resources
2014-06-01 03:35:02.571 HelloCordova[42315:70b] [CDVTimer][keyboard] 0.087976ms
2014-06-01 03:35:02.572 HelloCordova[42315:70b] CDVPlugin class CDVStatusBar (pluginName: statusbar) does not exist.
2014-06-01 03:35:02.572 HelloCordova[42315:70b] [CDVTimer][statusbar] 0.424027ms
2014-06-01 03:35:02.573 HelloCordova[42315:70b] [CDVTimer][TotalPluginStartup] 1.496017ms
2014-06-01 03:35:02.757 HelloCordova[42315:70b] Resetting plugins due to page load.
2014-06-01 03:35:03.174 HelloCordova[42315:70b] Finished load of: file:///Users/jhsu/Library/Application%20Support/iPhone%20Simulator/7.1/Applications/85C39B08-8F55-4806-98A8-AF4AD9F444E0/HelloCordova.app/www/index.html#/tab/home
2014-06-01 03:40:02.470 HelloCordova[42648:70b] Multi-tasking -> Device: YES, App: YES
2014-06-01 03:40:02.480 HelloCordova[42648:70b] Unlimited access to network resources
2014-06-01 03:40:02.504 HelloCordova[42648:70b] [CDVTimer][keyboard] 0.083983ms
2014-06-01 03:40:02.504 HelloCordova[42648:70b] CDVPlugin class CDVStatusBar (pluginName: statusbar) does not exist.
2014-06-01 03:40:02.505 HelloCordova[42648:70b] [CDVTimer][statusbar] 0.452995ms
2014-06-01 03:40:02.505 HelloCordova[42648:70b] [CDVTimer][TotalPluginStartup] 1.501024ms
2014-06-01 03:40:02.554 HelloCordova[42648:70b] Resetting plugins due to page load.
2014-06-01 03:40:02.663 HelloCordova[42648:70b] Finished load of: file:///Users/jhsu/Library/Application%20Support/iPhone%20Simulator/7.1/Applications/85C39B08-8F55-4806-98A8-AF4AD9F444E0/HelloCordova.app/www/index.html#/tab/home
2014-06-01 03:44:25.312 HelloCordova[42901:70b] Multi-tasking -> Device: YES, App: YES
2014-06-01 03:44:25.319 HelloCordova[42901:70b] Unlimited access to network resources
2014-06-01 03:44:25.334 HelloCordova[42901:70b] [CDVTimer][keyboard] 0.059009ms
2014-06-01 03:44:25.334 HelloCordova[42901:70b] CDVPlugin class CDVStatusBar (pluginName: statusbar) does not exist.
2014-06-01 03:44:25.335 HelloCordova[42901:70b] [CDVTimer][statusbar] 0.358045ms
2014-06-01 03:44:25.335 HelloCordova[42901:70b] [CDVTimer][TotalPluginStartup] 1.132011ms
2014-06-01 03:44:25.373 HelloCordova[42901:70b] Resetting plugins due to page load.
2014-06-01 03:44:25.474 HelloCordova[42901:70b] Finished load of: file:///Users/jhsu/Library/Application%20Support/iPhone%20Simulator/7.1/Applications/85C39B08-8F55-4806-98A8-AF4AD9F444E0/HelloCordova.app/www/index.html#/tab/home
2014-06-01 04:17:32.858 HelloCordova[43347:70b] Multi-tasking -> Device: YES, App: YES
2014-06-01 04:17:32.865 HelloCordova[43347:70b] Unlimited access to network resources
2014-06-01 04:17:32.884 HelloCordova[43347:70b] [CDVTimer][keyboard] 0.082970ms
2014-06-01 04:17:32.885 HelloCordova[43347:70b] CDVPlugin class CDVStatusBar (pluginName: statusbar) does not exist.
2014-06-01 04:17:32.885 HelloCordova[43347:70b] [CDVTimer][statusbar] 0.465989ms
2014-06-01 04:17:32.886 HelloCordova[43347:70b] [CDVTimer][TotalPluginStartup] 1.595020ms
2014-06-01 04:17:33.018 HelloCordova[43347:70b] Resetting plugins due to page load.
2014-06-01 04:17:33.156 HelloCordova[43347:70b] Finished load of: file:///Users/jhsu/Library/Application%20Support/iPhone%20Simulator/7.1/Applications/85C39B08-8F55-4806-98A8-AF4AD9F444E0/HelloCordova.app/www/index.html#/tab/home
2014-06-01 04:18:40.787 HelloCordova[43671:70b] Multi-tasking -> Device: YES, App: YES
2014-06-01 04:18:40.795 HelloCordova[43671:70b] Unlimited access to network resources
2014-06-01 04:18:40.812 HelloCordova[43671:70b] [CDVTimer][keyboard] 0.055969ms
2014-06-01 04:18:40.812 HelloCordova[43671:70b] CDVPlugin class CDVStatusBar (pluginName: statusbar) does not exist.
2014-06-01 04:18:40.813 HelloCordova[43671:70b] [CDVTimer][statusbar] 0.365973ms
2014-06-01 04:18:40.813 HelloCordova[43671:70b] [CDVTimer][TotalPluginStartup] 1.273036ms
2014-06-01 04:18:40.853 HelloCordova[43671:70b] Resetting plugins due to page load.
2014-06-01 04:18:40.952 HelloCordova[43671:70b] Finished load of: file:///Users/jhsu/Library/Application%20Support/iPhone%20Simulator/7.1/Applications/85C39B08-8F55-4806-98A8-AF4AD9F444E0/HelloCordova.app/www/index.html#/tab/home
2014-06-01 04:19:26.849 HelloCordova[43992:70b] Multi-tasking -> Device: YES, App: YES
2014-06-01 04:19:26.855 HelloCordova[43992:70b] Unlimited access to network resources
2014-06-01 04:19:26.871 HelloCordova[43992:70b] [CDVTimer][keyboard] 0.070989ms
2014-06-01 04:19:26.872 HelloCordova[43992:70b] CDVPlugin class CDVStatusBar (pluginName: statusbar) does not exist.
2014-06-01 04:19:26.872 HelloCordova[43992:70b] [CDVTimer][statusbar] 0.423014ms
2014-06-01 04:19:26.872 HelloCordova[43992:70b] [CDVTimer][TotalPluginStartup] 1.475036ms
2014-06-01 04:19:26.911 HelloCordova[43992:70b] Resetting plugins due to page load.
2014-06-01 04:19:27.016 HelloCordova[43992:70b] Finished load of: file:///Users/jhsu/Library/Application%20Support/iPhone%20Simulator/7.1/Applications/85C39B08-8F55-4806-98A8-AF4AD9F444E0/HelloCordova.app/www/index.html#/tab/home
2014-06-01 04:21:20.145 HelloCordova[44336:70b] Multi-tasking -> Device: YES, App: YES
2014-06-01 04:21:20.155 HelloCordova[44336:70b] Unlimited access to network resources
2014-06-01 04:21:20.177 HelloCordova[44336:70b] [CDVTimer][keyboard] 0.078976ms
2014-06-01 04:21:20.177 HelloCordova[44336:70b] CDVPlugin class CDVStatusBar (pluginName: statusbar) does not exist.
2014-06-01 04:21:20.178 HelloCordova[44336:70b] [CDVTimer][statusbar] 0.461996ms
2014-06-01 04:21:20.178 HelloCordova[44336:70b] [CDVTimer][TotalPluginStartup] 1.595974ms
2014-06-01 04:21:20.230 HelloCordova[44336:70b] Resetting plugins due to page load.
2014-06-01 04:21:20.338 HelloCordova[44336:70b] Finished load of: file:///Users/jhsu/Library/Application%20Support/iPhone%20Simulator/7.1/Applications/85C39B08-8F55-4806-98A8-AF4AD9F444E0/HelloCordova.app/www/index.html#/tab/home
2014-06-01 04:22:11.865 HelloCordova[44805:70b] Multi-tasking -> Device: YES, App: YES
2014-06-01 04:22:11.872 HelloCordova[44805:70b] Unlimited access to network resources
2014-06-01 04:22:11.887 HelloCordova[44805:70b] [CDVTimer][keyboard] 0.056982ms
2014-06-01 04:22:11.887 HelloCordova[44805:70b] CDVPlugin class CDVStatusBar (pluginName: statusbar) does not exist.
2014-06-01 04:22:11.888 HelloCordova[44805:70b] [CDVTimer][statusbar] 0.386000ms
2014-06-01 04:22:11.888 HelloCordova[44805:70b] [CDVTimer][TotalPluginStartup] 1.188993ms
2014-06-01 04:22:11.923 HelloCordova[44805:70b] Resetting plugins due to page load.
2014-06-01 04:22:12.024 HelloCordova[44805:70b] Finished load of: file:///Users/jhsu/Library/Application%20Support/iPhone%20Simulator/7.1/Applications/85C39B08-8F55-4806-98A8-AF4AD9F444E0/HelloCordova.app/www/index.html#/tab/home
2014-06-01 04:22:40.732 HelloCordova[45123:70b] Multi-tasking -> Device: YES, App: YES
2014-06-01 04:22:40.739 HelloCordova[45123:70b] Unlimited access to network resources
2014-06-01 04:22:40.754 HelloCordova[45123:70b] [CDVTimer][keyboard] 0.057995ms
2014-06-01 04:22:40.754 HelloCordova[45123:70b] CDVPlugin class CDVStatusBar (pluginName: statusbar) does not exist.
2014-06-01 04:22:40.755 HelloCordova[45123:70b] [CDVTimer][statusbar] 0.338972ms
2014-06-01 04:22:40.755 HelloCordova[45123:70b] [CDVTimer][TotalPluginStartup] 1.165032ms
2014-06-01 04:22:40.793 HelloCordova[45123:70b] Resetting plugins due to page load.
2014-06-01 04:22:40.893 HelloCordova[45123:70b] Finished load of: file:///Users/jhsu/Library/Application%20Support/iPhone%20Simulator/7.1/Applications/85C39B08-8F55-4806-98A8-AF4AD9F444E0/HelloCordova.app/www/index.html#/tab/home
2014-06-01 04:24:17.182 HelloCordova[45123:70b] Received memory warning.
2014-06-01 04:24:45.979 HelloCordova[45530:70b] Multi-tasking -> Device: YES, App: YES
2014-06-01 04:24:45.996 HelloCordova[45530:70b] Unlimited access to network resources
2014-06-01 04:24:46.017 HelloCordova[45530:70b] [CDVTimer][keyboard] 0.084996ms
2014-06-01 04:24:46.018 HelloCordova[45530:70b] CDVPlugin class CDVStatusBar (pluginName: statusbar) does not exist.
2014-06-01 04:24:46.018 HelloCordova[45530:70b] [CDVTimer][statusbar] 0.429034ms
2014-06-01 04:24:46.019 HelloCordova[45530:70b] [CDVTimer][TotalPluginStartup] 1.533985ms
2014-06-01 04:24:46.132 HelloCordova[45530:70b] Resetting plugins due to page load.
2014-06-01 04:24:46.339 HelloCordova[45530:70b] Finished load of: file:///Users/jhsu/Library/Application%20Support/iPhone%20Simulator/7.1/Applications/85C39B08-8F55-4806-98A8-AF4AD9F444E0/HelloCordova.app/www/index.html#/tab/home
